[debug] [2026-05-27T06:05:21.072Z] ----------------------------------------------------------------------
[debug] [2026-05-27T06:05:21.074Z] Command:       /usr/local/bin/firebase /home/beckie/.cache/firebase/tools/lib/node_modules/firebase-tools/lib/bin/firebase init
[debug] [2026-05-27T06:05:21.074Z] CLI Version:   15.18.0
[debug] [2026-05-27T06:05:21.074Z] Platform:      linux
[debug] [2026-05-27T06:05:21.075Z] Node Version:  v20.18.2
[debug] [2026-05-27T06:05:21.075Z] Time:          Wed May 27 2026 13:05:21 GMT+0700 (Indochina Time)
[debug] [2026-05-27T06:05:21.075Z] ----------------------------------------------------------------------
[debug] 
[info] 
     ######## #### ########  ######## ########     ###     ######  ########
     ##        ##  ##     ## ##       ##     ##  ##   ##  ##       ##
     ######    ##  ########  ######   ########  #########  ######  ######
     ##        ##  ##    ##  ##       ##     ## ##     ##       ## ##
     ##       #### ##     ## ######## ########  ##     ##  ######  ########

You're about to initialize a Firebase project in this directory:

  /home/beckie/Documents/HustCS/CNWeb/Weekly exercises/Week 13/user-management

[info] 
=== Project Setup
[info] 
[info] First, let's associate this project directory with a Firebase project.
[info] You can create multiple project aliases by running firebase use --add, 
[info] 
[info] i  If you want to create a project in a Google Cloud organization or folder, please use "firebase projects:create" instead, and return to this command when you've created the project. 
[debug] [2026-05-27T06:05:31.407Z] > command requires scopes: ["email","openid","https://www.googleapis.com/auth/cloudplatformprojects.readonly","https://www.googleapis.com/auth/firebase","https://www.googleapis.com/auth/cloud-platform"]
[debug] [2026-05-27T06:05:31.408Z] > authorizing via signed-in user (a3kc74@gmail.com)
[debug] [2026-05-27T06:05:49.188Z] Checked if tokens are valid: true, expires at: 1779864857395
[debug] [2026-05-27T06:05:49.189Z] Checked if tokens are valid: true, expires at: 1779864857395
[debug] [2026-05-27T06:05:49.196Z] >>> [apiv2][query] POST https://firebase.googleapis.com/v1/projects:checkProjectId [none]
[debug] [2026-05-27T06:05:49.196Z] >>> [apiv2][body] POST https://firebase.googleapis.com/v1/projects:checkProjectId {"proposedId":"it4490-crud-20230043"}
[debug] [2026-05-27T06:05:50.332Z] <<< [apiv2][status] POST https://firebase.googleapis.com/v1/projects:checkProjectId 200
[debug] [2026-05-27T06:05:50.332Z] <<< [apiv2][body] POST https://firebase.googleapis.com/v1/projects:checkProjectId {"projectIdStatus":"PROJECT_ID_AVAILABLE","suggestedProjectId":"it4490-crud-20230043"}
[debug] [2026-05-27T06:05:55.060Z] Checked if tokens are valid: true, expires at: 1779864857395
[debug] [2026-05-27T06:05:55.060Z] Checked if tokens are valid: true, expires at: 1779864857395
[debug] [2026-05-27T06:05:55.061Z] >>> [apiv2][query] POST https://cloudresourcemanager.googleapis.com/v1/projects [none]
[debug] [2026-05-27T06:05:55.061Z] >>> [apiv2][body] POST https://cloudresourcemanager.googleapis.com/v1/projects {"projectId":"it4490-crud-20230043","name":"it4490-crud-20230043"}
[debug] [2026-05-27T06:05:56.387Z] <<< [apiv2][status] POST https://cloudresourcemanager.googleapis.com/v1/projects 200
[debug] [2026-05-27T06:05:56.387Z] <<< [apiv2][body] POST https://cloudresourcemanager.googleapis.com/v1/projects {"name":"operations/create_project.global.6896877813958739708"}
[debug] [2026-05-27T06:05:56.389Z] Checked if tokens are valid: true, expires at: 1779864857395
[debug] [2026-05-27T06:05:56.390Z] Checked if tokens are valid: true, expires at: 1779864857395
[debug] [2026-05-27T06:05:56.390Z] >>> [apiv2][query] GET https://cloudresourcemanager.googleapis.com/v1/operations/create_project.global.6896877813958739708 [none]
[debug] [2026-05-27T06:05:57.385Z] <<< [apiv2][status] GET https://cloudresourcemanager.googleapis.com/v1/operations/create_project.global.6896877813958739708 200
[debug] [2026-05-27T06:05:57.385Z] <<< [apiv2][body] GET https://cloudresourcemanager.googleapis.com/v1/operations/create_project.global.6896877813958739708 {"name":"operations/create_project.global.6896877813958739708"}
[debug] [2026-05-27T06:05:57.886Z] [Project Creation Poller] Retrying task index 0
[debug] [2026-05-27T06:05:57.887Z] Checked if tokens are valid: true, expires at: 1779864857395
[debug] [2026-05-27T06:05:57.887Z] Checked if tokens are valid: true, expires at: 1779864857395
[debug] [2026-05-27T06:05:57.888Z] >>> [apiv2][query] GET https://cloudresourcemanager.googleapis.com/v1/operations/create_project.global.6896877813958739708 [none]
[debug] [2026-05-27T06:05:58.207Z] <<< [apiv2][status] GET https://cloudresourcemanager.googleapis.com/v1/operations/create_project.global.6896877813958739708 200
[debug] [2026-05-27T06:05:58.207Z] <<< [apiv2][body] GET https://cloudresourcemanager.googleapis.com/v1/operations/create_project.global.6896877813958739708 {"name":"operations/create_project.global.6896877813958739708","metadata":{"@type":"type.googleapis.com/google.cloudresourcemanager.v1.ProjectCreationStatus","gettable":true,"ready":true},"done":true,"response":{"@type":"type.googleapis.com/google.cloudresourcemanager.v1.Project","projectNumber":"76294935508","projectId":"it4490-crud-20230043","lifecycleState":"ACTIVE","name":"it4490-crud-20230043","createTime":"2026-05-27T06:05:56.074Z"}}
[debug] [2026-05-27T06:05:58.210Z] Checked if tokens are valid: true, expires at: 1779864857395
[debug] [2026-05-27T06:05:58.210Z] Checked if tokens are valid: true, expires at: 1779864857395
[debug] [2026-05-27T06:05:58.210Z] >>> [apiv2][query] POST https://firebase.googleapis.com/v1beta1/projects/it4490-crud-20230043:addFirebase [none]
[debug] [2026-05-27T06:05:59.555Z] <<< [apiv2][status] POST https://firebase.googleapis.com/v1beta1/projects/it4490-crud-20230043:addFirebase 403
[debug] [2026-05-27T06:05:59.556Z] <<< [apiv2][body] POST https://firebase.googleapis.com/v1beta1/projects/it4490-crud-20230043:addFirebase {"error":{"code":403,"message":"The caller does not have permission","status":"PERMISSION_DENIED"}}
[debug] [2026-05-27T06:05:59.557Z] Request to https://firebase.googleapis.com/v1beta1/projects/it4490-crud-20230043:addFirebase had HTTP Error: 403, The caller does not have permission
[debug] [2026-05-27T06:05:59.721Z] FirebaseError: Request to https://firebase.googleapis.com/v1beta1/projects/it4490-crud-20230043:addFirebase had HTTP Error: 403, The caller does not have permission
    at responseToError (/home/beckie/.cache/firebase/tools/lib/node_modules/firebase-tools/lib/responseToError.js:53:12)
    at RetryOperation._fn (/home/beckie/.cache/firebase/tools/lib/node_modules/firebase-tools/lib/apiv2.js:333:77)
    at process.processTicksAndRejections (node:internal/process/task_queues:95:5)
[error] 
[error] Error: Failed to add Firebase to Google Cloud Platform project. See firebase-debug.log for more info.
[debug] [2026-05-27T06:06:40.556Z] ----------------------------------------------------------------------
[debug] [2026-05-27T06:06:40.558Z] Command:       /usr/local/bin/firebase /home/beckie/.cache/firebase/tools/lib/node_modules/firebase-tools/lib/bin/firebase init
[debug] [2026-05-27T06:06:40.559Z] CLI Version:   15.18.0
[debug] [2026-05-27T06:06:40.559Z] Platform:      linux
[debug] [2026-05-27T06:06:40.559Z] Node Version:  v20.18.2
[debug] [2026-05-27T06:06:40.559Z] Time:          Wed May 27 2026 13:06:40 GMT+0700 (Indochina Time)
[debug] [2026-05-27T06:06:40.559Z] ----------------------------------------------------------------------
[debug] 
[info] 
     ######## #### ########  ######## ########     ###     ######  ########
     ##        ##  ##     ## ##       ##     ##  ##   ##  ##       ##
     ######    ##  ########  ######   ########  #########  ######  ######
     ##        ##  ##    ##  ##       ##     ## ##     ##       ## ##
     ##       #### ##     ## ######## ########  ##     ##  ######  ########

You're about to initialize a Firebase project in this directory:

  /home/beckie/Documents/HustCS/CNWeb/Weekly exercises/Week 13/user-management

[info] 
=== Project Setup
[info] 
[info] First, let's associate this project directory with a Firebase project.
[info] You can create multiple project aliases by running firebase use --add, 
[info] 
[debug] [2026-05-27T06:06:48.574Z] > command requires scopes: ["email","openid","https://www.googleapis.com/auth/cloudplatformprojects.readonly","https://www.googleapis.com/auth/firebase","https://www.googleapis.com/auth/cloud-platform"]
[debug] [2026-05-27T06:06:48.574Z] > authorizing via signed-in user (a3kc74@gmail.com)
[debug] [2026-05-27T06:06:48.576Z] Checked if tokens are valid: true, expires at: 1779864857395
[debug] [2026-05-27T06:06:48.576Z] Checked if tokens are valid: true, expires at: 1779864857395
[debug] [2026-05-27T06:06:48.579Z] >>> [apiv2][query] GET https://firebase.googleapis.com/v1beta1/projects pageSize=100
